<?xml version="1.0" encoding="UTF-8"?>
<testng-results ignored="0" total="2" passed="2" failed="0" skipped="0">
  <reporter-output>
  </reporter-output>
  <suite started-at="2022-09-21T20:36:08 IST" name="Default suite" finished-at="2022-09-21T20:36:08 IST" duration-ms="88">
    <groups>
    </groups>
    <test started-at="2022-09-21T20:36:08 IST" name="Default test" finished-at="2022-09-21T20:36:08 IST" duration-ms="88">
      <class name="com.shrish.AppTest">
        <test-method signature="testlogin1()[pri:0, instance:com.shrish.AppTest@16d04d3d]" started-at="2022-09-21T20:36:08 IST" name="testlogin1" finished-at="2022-09-21T20:36:08 IST" duration-ms="21" status="PASS">
          <reporter-output>
          </reporter-output>
        </test-method> <!-- testlogin1 -->
        <test-method signature="testlogin2()[pri:0, instance:com.shrish.AppTest@16d04d3d]" started-at="2022-09-21T20:36:08 IST" name="testlogin2" finished-at="2022-09-21T20:36:08 IST" duration-ms="2" status="PASS">
          <reporter-output>
          </reporter-output>
        </test-method> <!-- testlogin2 -->
      </class> <!-- com.shrish.AppTest -->
    </test> <!-- Default test -->
  </suite> <!-- Default suite -->
</testng-results>
